<?xml version="1.0" encoding="UTF-8"?>
<!-- Generated by org.testng.reporters.JUnitReportReporter -->
<testsuite name="com.petstore.test.TestPetStore" tests="13" time="50.035" ignored="0" failures="0" timestamp="25 Jan 2021 19:07:07 GMT" skipped="0" hostname="LAPTOP-3361LIAJ" errors="0">
  <testcase name="testNegativeAddPetWithBodyAsOnlyId" time="22.431" classname="com.petstore.test.TestPetStore"/>
  <testcase name="testNegativeUpdatePetWithOutBody" time="1.849" classname="com.petstore.test.TestPetStore"/>
  <testcase name="testNegativeDeletePetIdAsInvalid" time="1.264" classname="com.petstore.test.TestPetStore"/>
  <testcase name="testNegativeDeletePetIdAsSpecialCharacter" time="2.317" classname="com.petstore.test.TestPetStore"/>
  <testcase name="testNegativeUpdatePetWithBodyAsBlank" time="1.256" classname="com.petstore.test.TestPetStore"/>
  <testcase name="testNegativeDeletePetWithOutId" time="2.883" classname="com.petstore.test.TestPetStore"/>
  <testcase name="testAddPet" time="2.217" classname="com.petstore.test.TestPetStore"/>
  <testcase name="testDeletePet" time="2.319" classname="com.petstore.test.TestPetStore"/>
  <testcase name="testNegativeUpdatePetWithBodyAsOnlyId" time="1.229" classname="com.petstore.test.TestPetStore"/>
  <testcase name="testUpdatePetStatus" time="1.285" classname="com.petstore.test.TestPetStore"/>
  <testcase name="testNegativeAddPetBodyAsBlank" time="2.821" classname="com.petstore.test.TestPetStore"/>
  <testcase name="testGetPets" time="5.529" classname="com.petstore.test.TestPetStore"/>
  <testcase name="testNegativeAddPetWithoutBody" time="2.635" classname="com.petstore.test.TestPetStore"/>
</testsuite> <!-- com.petstore.test.TestPetStore -->
